2022-11-17 18:48:35,411 INFO org.hibernate.annotations.common.reflection.java.JavaReflectionManager [restartedMain] HCANN000001: Hibernate Commons Annotations {5.1.2.Final}
2022-11-17 18:48:35,439 INFO com.zaxxer.hikari.HikariDataSource [restartedMain] HikariPool-1 - Starting...
2022-11-17 18:48:35,469 INFO com.zaxxer.hikari.HikariDataSource [restartedMain] HikariPool-1 - Start completed.
2022-11-17 18:48:35,475 INFO org.hibernate.dialect.Dialect [restartedMain] HHH000400: Using dialect: org.hibernate.dialect.PostgreSQL10Dialect
2022-11-17 18:48:35,668 INFO org.hibernate.engine.transaction.jta.platform.internal.JtaPlatformInitiator [restartedMain] HHH000490: Using JtaPlatform implementation: [org.hibernate.engine.transaction.jta.platform.internal.NoJtaPlatform]
2022-11-17 18:48:35,671 INFO org.springframework.orm.jpa.AbstractEntityManagerFactoryBean [restartedMain] Initialized JPA EntityManagerFactory for persistence unit 'default'
2022-11-17 18:48:35,741 WARN org.springframework.boot.autoconfigure.orm.jpa.JpaBaseConfiguration$JpaWebConfiguration [restartedMain] spring.jpa.open-in-view is enabled by default. Therefore, database queries may be performed during view rendering. Explicitly configure spring.jpa.open-in-view to disable this warning
2022-11-17 18:48:36,050 INFO org.socialsignin.spring.data.dynamodb.repository.support.DynamoDBRepositoryFactory [restartedMain] Spring Data DynamoDB Version: 5.1.0 (2.1)
2022-11-17 18:48:36,050 INFO org.socialsignin.spring.data.dynamodb.repository.support.DynamoDBRepositoryFactory [restartedMain] Spring Data Version:          2.7.3
2022-11-17 18:48:36,050 INFO org.socialsignin.spring.data.dynamodb.repository.support.DynamoDBRepositoryFactory [restartedMain] AWS SDK Version:              1.12.169
2022-11-17 18:48:36,050 INFO org.socialsignin.spring.data.dynamodb.repository.support.DynamoDBRepositoryFactory [restartedMain] Java Version:                 17.0.2 - Java HotSpot(TM) 64-Bit Server VM 17.0.2+8-LTS-86
2022-11-17 18:48:36,050 INFO org.socialsignin.spring.data.dynamodb.repository.support.DynamoDBRepositoryFactory [restartedMain] Platform Details:             Mac OS X 13.0
2022-11-17 18:48:36,050 WARN org.socialsignin.spring.data.dynamodb.repository.support.DynamoDBRepositoryFactory [restartedMain] This Spring Data DynamoDB implementation might not be compatible with the available Spring Data classes on the classpath!
NoDefClassFoundExceptions or similar might occur!
2022-11-17 18:48:36,078 INFO org.springframework.boot.devtools.autoconfigure.OptionalLiveReloadServer [restartedMain] LiveReload server is running on port 35729
2022-11-17 18:48:36,163 INFO org.springframework.security.web.DefaultSecurityFilterChain [restartedMain] Will secure any request with [org.springframework.security.web.session.DisableEncodeUrlFilter@4e7dc403, org.springframework.security.web.context.request.async.WebAsyncManagerIntegrationFilter@38205fd1, org.springframework.security.web.context.SecurityContextPersistenceFilter@57339d7d, org.springframework.security.web.header.HeaderWriterFilter@3416e62e, org.springframework.security.web.authentication.logout.LogoutFilter@553d1dfd, org.springframework.security.web.authentication.www.BasicAuthenticationFilter@247d6a6, org.springframework.security.web.savedrequest.RequestCacheAwareFilter@30b554d9, org.springframework.security.web.servletapi.SecurityContextHolderAwareRequestFilter@12da1b84, org.springframework.security.web.authentication.AnonymousAuthenticationFilter@6478a9ed, org.springframework.security.web.session.SessionManagementFilter@ac19831, org.springframework.security.web.access.ExceptionTranslationFilter@70f54624, org.springframework.security.web.access.intercept.FilterSecurityInterceptor@b7ea212]
2022-11-17 18:48:36,604 INFO org.springframework.boot.actuate.endpoint.web.EndpointLinksResolver [restartedMain] Exposing 2 endpoint(s) beneath base path '/manage'
2022-11-17 18:48:36,624 INFO org.apache.juli.logging.DirectJDKLog [restartedMain] Starting ProtocolHandler ["http-nio-8081"]
2022-11-17 18:48:36,628 INFO org.springframework.boot.web.embedded.tomcat.TomcatWebServer [restartedMain] Tomcat started on port(s): 8081 (http) with context path ''
2022-11-17 18:48:36,636 INFO org.socialsignin.spring.data.dynamodb.repository.util.Entity2DynamoDBTableSynchronizer [restartedMain] Checking repository classes with DynamoDB tables UserToken for ContextRefreshedEvent
2022-11-17 18:48:36,639 INFO org.springframework.boot.StartupInfoLogger [restartedMain] Started DemoApplication in 5.109 seconds (JVM running for 5.591)
2022-11-17 18:48:36,923 INFO org.apache.juli.logging.DirectJDKLog [RMI TCP Connection(2)-127.0.0.1] Initializing Spring DispatcherServlet 'dispatcherServlet'
2022-11-17 18:48:36,923 INFO org.springframework.web.servlet.FrameworkServlet [RMI TCP Connection(2)-127.0.0.1] Initializing Servlet 'dispatcherServlet'
2022-11-17 18:48:36,924 INFO org.springframework.web.servlet.FrameworkServlet [RMI TCP Connection(2)-127.0.0.1] Completed initialization in 1 ms
2022-11-17 18:48:41,497 INFO org.socialsignin.spring.data.dynamodb.repository.util.Entity2DynamoDBTableSynchronizer [SpringApplicationShutdownHook] Checking repository classes with DynamoDB tables UserToken for ContextClosedEvent
2022-11-17 18:48:41,508 INFO org.springframework.orm.jpa.AbstractEntityManagerFactoryBean [SpringApplicationShutdownHook] Closing JPA EntityManagerFactory for persistence unit 'default'
2022-11-17 18:48:41,511 INFO com.zaxxer.hikari.HikariDataSource [SpringApplicationShutdownHook] HikariPool-1 - Shutdown initiated...
2022-11-17 18:48:41,512 INFO com.zaxxer.hikari.HikariDataSource [SpringApplicationShutdownHook] HikariPool-1 - Shutdown completed.
