2022-11-10 20:10:54,236 INFO org.apache.juli.logging.DirectJDKLog [restartedMain] Initializing Spring embedded WebApplicationContext
2022-11-10 20:10:54,237 INFO org.springframework.boot.web.servlet.context.ServletWebServerApplicationContext [restartedMain] Root WebApplicationContext: initialization completed in 767 ms
2022-11-10 20:10:54,341 ERROR io.micrometer.shaded.io.netty.resolver.dns.DnsServerAddressStreamProviders [restartedMain] Unable to load io.micrometer.shaded.io.netty.resolver.dns.macos.MacOSDnsServerAddressStreamProvider, fallback to system defaults. This may result in incorrect DNS resolutions on MacOS.
java.lang.reflect.InvocationTargetException: null
	at java.base/jdk.internal.reflect.NativeConstructorAccessorImpl.newInstance0(Native Method)
	at java.base/jdk.internal.reflect.NativeConstructorAccessorImpl.newInstance(NativeConstructorAccessorImpl.java:77)
	at java.base/jdk.internal.reflect.DelegatingConstructorAccessorImpl.newInstance(DelegatingConstructorAccessorImpl.java:45)
	at java.base/java.lang.reflect.Constructor.newInstanceWithCaller(Constructor.java:499)
	at java.base/java.lang.reflect.Constructor.newInstance(Constructor.java:480)
	at io.micrometer.shaded.io.netty.resolver.dns.DnsServerAddressStreamProviders.<clinit>(DnsServerAddressStreamProviders.java:64)
	at io.micrometer.shaded.io.netty.resolver.dns.DnsNameResolverBuilder.<init>(DnsNameResolverBuilder.java:60)
	at io.micrometer.shaded.reactor.netty.transport.NameResolverProvider.newNameResolverGroup(NameResolverProvider.java:479)
	at io.micrometer.shaded.reactor.netty.udp.UdpResources.getOrCreateDefaultResolver(UdpResources.java:242)
	at io.micrometer.shaded.reactor.netty.udp.UdpClientConfig.defaultAddressResolverGroup(UdpClientConfig.java:105)
	at io.micrometer.shaded.reactor.netty.transport.ClientTransportConfig.resolverInternal(ClientTransportConfig.java:224)
	at io.micrometer.shaded.reactor.netty.transport.ClientTransport.connect(ClientTransport.java:59)
	at io.micrometer.shaded.reactor.netty.udp.UdpClient.connect(UdpClient.java:87)
	at io.micrometer.statsd.StatsdMeterRegistry.lambda$connectAndSubscribe$13(StatsdMeterRegistry.java:282)
	at io.micrometer.shaded.reactor.core.publisher.MonoDefer.subscribe(MonoDefer.java:44)
	at io.micrometer.shaded.reactor.core.publisher.FluxRetryWhen.subscribe(FluxRetryWhen.java:77)
	at io.micrometer.shaded.reactor.core.publisher.MonoRetryWhen.subscribeOrReturn(MonoRetryWhen.java:46)
	at io.micrometer.shaded.reactor.core.publisher.Mono.subscribe(Mono.java:4382)
	at io.micrometer.shaded.reactor.core.publisher.Mono.subscribeWith(Mono.java:4512)
	at io.micrometer.shaded.reactor.core.publisher.Mono.subscribe(Mono.java:4368)
	at io.micrometer.shaded.reactor.core.publisher.Mono.subscribe(Mono.java:4304)
	at io.micrometer.shaded.reactor.core.publisher.Mono.subscribe(Mono.java:4251)
	at io.micrometer.statsd.StatsdMeterRegistry.retryReplaceClient(StatsdMeterRegistry.java:290)
	at io.micrometer.statsd.StatsdMeterRegistry.connectAndSubscribe(StatsdMeterRegistry.java:280)
	at io.micrometer.statsd.StatsdMeterRegistry.prepareUdpClient(StatsdMeterRegistry.java:254)
	at io.micrometer.statsd.StatsdMeterRegistry.start(StatsdMeterRegistry.java:229)
	at io.micrometer.statsd.StatsdMeterRegistry.<init>(StatsdMeterRegistry.java:156)
	at io.micrometer.statsd.StatsdMeterRegistry.<init>(StatsdMeterRegistry.java:120)
	at io.micrometer.statsd.StatsdMeterRegistry.<init>(StatsdMeterRegistry.java:108)
	at org.springframework.boot.actuate.autoconfigure.metrics.export.statsd.StatsdMetricsExportAutoConfiguration.statsdMeterRegistry(StatsdMetricsExportAutoConfiguration.java:59)
	at java.base/jdk.internal.reflect.NativeMethodAccessorImpl.invoke0(Native Method)
	at java.base/jdk.internal.reflect.NativeMethodAccessorImpl.invoke(NativeMethodAccessorImpl.java:77)
	at java.base/jdk.internal.reflect.DelegatingMethodAccessorImpl.invoke(DelegatingMethodAccessorImpl.java:43)
	at java.base/java.lang.reflect.Method.invoke(Method.java:568)
	at org.springframework.beans.factory.support.SimpleInstantiationStrategy.instantiate(SimpleInstantiationStrategy.java:154)
	at org.springframework.beans.factory.support.ConstructorResolver.instantiate(ConstructorResolver.java:653)
	at org.springframework.beans.factory.support.ConstructorResolver.instantiateUsingFactoryMethod(ConstructorResolver.java:638)
	at org.springframework.beans.factory.support.AbstractAutowireCapableBeanFactory.instantiateUsingFactoryMethod(AbstractAutowireCapableBeanFactory.java:1352)
	at org.springframework.beans.factory.support.AbstractAutowireCapableBeanFactory.createBeanInstance(AbstractAutowireCapableBeanFactory.java:1195)
	at org.springframework.beans.factory.support.AbstractAutowireCapableBeanFactory.doCreateBean(AbstractAutowireCapableBeanFactory.java:582)
	at org.springframework.beans.factory.support.AbstractAutowireCapableBeanFactory.createBean(AbstractAutowireCapableBeanFactory.java:542)
	at org.springframework.beans.factory.support.AbstractBeanFactory.lambda$doGetBean$0(AbstractBeanFactory.java:335)
	at org.springframework.beans.factory.support.DefaultSingletonBeanRegistry.getSingleton(DefaultSingletonBeanRegistry.java:234)
	at org.springframework.beans.factory.support.AbstractBeanFactory.doGetBean(AbstractBeanFactory.java:333)
	at org.springframework.beans.factory.support.AbstractBeanFactory.getBean(AbstractBeanFactory.java:208)
	at org.springframework.beans.factory.config.DependencyDescriptor.resolveCandidate(DependencyDescriptor.java:276)
	at org.springframework.beans.factory.support.DefaultListableBeanFactory.doResolveDependency(DefaultListableBeanFactory.java:1391)
	at org.springframework.beans.factory.support.DefaultListableBeanFactory.resolveDependency(DefaultListableBeanFactory.java:1311)
	at org.springframework.beans.factory.support.ConstructorResolver.resolveAutowiredArgument(ConstructorResolver.java:887)
	at org.springframework.beans.factory.support.ConstructorResolver.createArgumentArray(ConstructorResolver.java:791)
	at org.springframework.beans.factory.support.ConstructorResolver.instantiateUsingFactoryMethod(ConstructorResolver.java:541)
	at org.springframework.beans.factory.support.AbstractAutowireCapableBeanFactory.instantiateUsingFactoryMethod(AbstractAutowireCapableBeanFactory.java:1352)
	at org.springframework.beans.factory.support.AbstractAutowireCapableBeanFactory.createBeanInstance(AbstractAutowireCapableBeanFactory.java:1195)
	at org.springframework.beans.factory.support.AbstractAutowireCapableBeanFactory.doCreateBean(AbstractAutowireCapableBeanFactory.java:582)
	at org.springframework.beans.factory.support.AbstractAutowireCapableBeanFactory.createBean(AbstractAutowireCapableBeanFactory.java:542)
	at org.springframework.beans.factory.support.AbstractBeanFactory.lambda$doGetBean$0(AbstractBeanFactory.java:335)
	at org.springframework.beans.factory.support.DefaultSingletonBeanRegistry.getSingleton(DefaultSingletonBeanRegistry.java:234)
	at org.springframework.beans.factory.support.AbstractBeanFactory.doGetBean(AbstractBeanFactory.java:333)
	at org.springframework.beans.factory.support.AbstractBeanFactory.getBean(AbstractBeanFactory.java:213)
	at org.springframework.boot.web.servlet.ServletContextInitializerBeans.getOrderedBeansOfType(ServletContextInitializerBeans.java:212)
	at org.springframework.boot.web.servlet.ServletContextInitializerBeans.getOrderedBeansOfType(ServletContextInitializerBeans.java:203)
	at org.springframework.boot.web.servlet.ServletContextInitializerBeans.addServletContextInitializerBeans(ServletContextInitializerBeans.java:97)
	at org.springframework.boot.web.servlet.ServletContextInitializerBeans.<init>(ServletContextInitializerBeans.java:86)
	at org.springframework.boot.web.servlet.context.ServletWebServerApplicationContext.getServletContextInitializerBeans(ServletWebServerApplicationContext.java:262)
	at org.springframework.boot.web.servlet.context.ServletWebServerApplicationContext.selfInitialize(ServletWebServerApplicationContext.java:236)
	at org.springframework.boot.web.embedded.tomcat.TomcatStarter.onStartup(TomcatStarter.java:53)
	at org.apache.catalina.core.StandardContext.startInternal(StandardContext.java:5219)
	at org.apache.catalina.util.LifecycleBase.start(LifecycleBase.java:183)
	at org.apache.catalina.core.ContainerBase$StartChild.call(ContainerBase.java:1396)
	at org.apache.catalina.core.ContainerBase$StartChild.call(ContainerBase.java:1386)
	at java.base/java.util.concurrent.FutureTask.run(FutureTask.java:264)
	at org.apache.tomcat.util.threads.InlineExecutorService.execute(InlineExecutorService.java:75)
	at java.base/java.util.concurrent.AbstractExecutorService.submit(AbstractExecutorService.java:145)
	at org.apache.catalina.core.ContainerBase.startInternal(ContainerBase.java:919)
	at org.apache.catalina.core.StandardHost.startInternal(StandardHost.java:835)
	at org.apache.catalina.util.LifecycleBase.start(LifecycleBase.java:183)
	at org.apache.catalina.core.ContainerBase$StartChild.call(ContainerBase.java:1396)
	at org.apache.catalina.core.ContainerBase$StartChild.call(ContainerBase.java:1386)
	at java.base/java.util.concurrent.FutureTask.run(FutureTask.java:264)
	at org.apache.tomcat.util.threads.InlineExecutorService.execute(InlineExecutorService.java:75)
	at java.base/java.util.concurrent.AbstractExecutorService.submit(AbstractExecutorService.java:145)
	at org.apache.catalina.core.ContainerBase.startInternal(ContainerBase.java:919)
	at org.apache.catalina.core.StandardEngine.startInternal(StandardEngine.java:265)
	at org.apache.catalina.util.LifecycleBase.start(LifecycleBase.java:183)
	at org.apache.catalina.core.StandardService.startInternal(StandardService.java:432)
	at org.apache.catalina.util.LifecycleBase.start(LifecycleBase.java:183)
	at org.apache.catalina.core.StandardServer.startInternal(StandardServer.java:930)
	at org.apache.catalina.util.LifecycleBase.start(LifecycleBase.java:183)
	at org.apache.catalina.startup.Tomcat.start(Tomcat.java:486)
	at org.springframework.boot.web.embedded.tomcat.TomcatWebServer.initialize(TomcatWebServer.java:123)
	at org.springframework.boot.web.embedded.tomcat.TomcatWebServer.<init>(TomcatWebServer.java:104)
	at org.springframework.boot.web.embedded.tomcat.TomcatServletWebServerFactory.getTomcatWebServer(TomcatServletWebServerFactory.java:479)
	at org.springframework.boot.web.embedded.tomcat.TomcatServletWebServerFactory.getWebServer(TomcatServletWebServerFactory.java:211)
	at org.springframework.boot.web.servlet.context.ServletWebServerApplicationContext.createWebServer(ServletWebServerApplicationContext.java:184)
	at org.springframework.boot.web.servlet.context.ServletWebServerApplicationContext.onRefresh(ServletWebServerApplicationContext.java:162)
	at org.springframework.context.support.AbstractApplicationContext.refresh(AbstractApplicationContext.java:577)
	at org.springframework.boot.web.servlet.context.ServletWebServerApplicationContext.refresh(ServletWebServerApplicationContext.java:147)
	at org.springframework.boot.SpringApplication.refresh(SpringApplication.java:734)
	at org.springframework.boot.SpringApplication.refreshContext(SpringApplication.java:408)
	at org.springframework.boot.SpringApplication.run(SpringApplication.java:308)
	at org.springframework.boot.SpringApplication.run(SpringApplication.java:1306)
	at org.springframework.boot.SpringApplication.run(SpringApplication.java:1295)
	at com.example.demo.DemoApplication.main(DemoApplication.java:16)
	at java.base/jdk.internal.reflect.NativeMethodAccessorImpl.invoke0(Native Method)
	at java.base/jdk.internal.reflect.NativeMethodAccessorImpl.invoke(NativeMethodAccessorImpl.java:77)
	at java.base/jdk.internal.reflect.DelegatingMethodAccessorImpl.invoke(DelegatingMethodAccessorImpl.java:43)
	at java.base/java.lang.reflect.Method.invoke(Method.java:568)
	at org.springframework.boot.devtools.restart.RestartLauncher.run(RestartLauncher.java:49)
Caused by: java.lang.UnsatisfiedLinkError: failed to load the required native library
	at io.micrometer.shaded.io.netty.resolver.dns.macos.MacOSDnsServerAddressStreamProvider.ensureAvailability(MacOSDnsServerAddressStreamProvider.java:110)
	at io.micrometer.shaded.io.netty.resolver.dns.macos.MacOSDnsServerAddressStreamProvider.<init>(MacOSDnsServerAddressStreamProvider.java:120)
	... 108 common frames omitted
Caused by: java.lang.UnsatisfiedLinkError: could not load a native library: io_micrometer_shaded_netty_resolver_dns_native_macos_aarch_64
	at io.micrometer.shaded.io.netty.util.internal.NativeLibraryLoader.load(NativeLibraryLoader.java:239)
	at io.micrometer.shaded.io.netty.resolver.dns.macos.MacOSDnsServerAddressStreamProvider.loadNativeLibrary(MacOSDnsServerAddressStreamProvider.java:92)
	at io.micrometer.shaded.io.netty.resolver.dns.macos.MacOSDnsServerAddressStreamProvider.<clinit>(MacOSDnsServerAddressStreamProvider.java:77)
	at java.base/java.lang.Class.forName0(Native Method)
	at java.base/java.lang.Class.forName(Class.java:467)
	at io.micrometer.shaded.io.netty.resolver.dns.DnsServerAddressStreamProviders$1.run(DnsServerAddressStreamProviders.java:50)
	at java.base/java.security.AccessController.doPrivileged(AccessController.java:318)
	at io.micrometer.shaded.io.netty.resolver.dns.DnsServerAddressStreamProviders.<clinit>(DnsServerAddressStreamProviders.java:46)
	... 102 common frames omitted
	Suppressed: java.lang.UnsatisfiedLinkError: could not load a native library: io_micrometer_shaded_netty_resolver_dns_native_macos
		at io.micrometer.shaded.io.netty.util.internal.NativeLibraryLoader.load(NativeLibraryLoader.java:239)
		at io.micrometer.shaded.io.netty.resolver.dns.macos.MacOSDnsServerAddressStreamProvider.loadNativeLibrary(MacOSDnsServerAddressStreamProvider.java:95)
		... 108 common frames omitted
	Caused by: java.io.FileNotFoundException: META-INF/native/libio_micrometer_shaded_netty_resolver_dns_native_macos.jnilib
		at io.micrometer.shaded.io.netty.util.internal.NativeLibraryLoader.load(NativeLibraryLoader.java:181)
		... 109 common frames omitted
		Suppressed: java.lang.UnsatisfiedLinkError: no io_micrometer_shaded_netty_resolver_dns_native_macos in java.library.path: /Users/saichand/Library/Java/Extensions:/Library/Java/Extensions:/Network/Library/Java/Extensions:/System/Library/Java/Extensions:/usr/lib/java:.
			at java.base/java.lang.ClassLoader.loadLibrary(ClassLoader.java:2429)
			at java.base/java.lang.Runtime.loadLibrary0(Runtime.java:818)
			at java.base/java.lang.System.loadLibrary(System.java:1989)
			at io.micrometer.shaded.io.netty.util.internal.NativeLibraryUtil.loadLibrary(NativeLibraryUtil.java:38)
			at io.micrometer.shaded.io.netty.util.internal.NativeLibraryLoader.loadLibrary(NativeLibraryLoader.java:391)
			at io.micrometer.shaded.io.netty.util.internal.NativeLibraryLoader.load(NativeLibraryLoader.java:161)
			... 109 common frames omitted
			Suppressed: java.lang.UnsatisfiedLinkError: no io_micrometer_shaded_netty_resolver_dns_native_macos in java.library.path: /Users/saichand/Library/Java/Extensions:/Library/Java/Extensions:/Network/Library/Java/Extensions:/System/Library/Java/Extensions:/usr/lib/java:.
				at java.base/java.lang.ClassLoader.loadLibrary(ClassLoader.java:2429)
				at java.base/java.lang.Runtime.loadLibrary0(Runtime.java:818)
				at java.base/java.lang.System.loadLibrary(System.java:1989)
				at io.micrometer.shaded.io.netty.util.internal.NativeLibraryUtil.loadLibrary(NativeLibraryUtil.java:38)
				at java.base/jdk.internal.reflect.NativeMethodAccessorImpl.invoke0(Native Method)
				at java.base/jdk.internal.reflect.NativeMethodAccessorImpl.invoke(NativeMethodAccessorImpl.java:77)
				at java.base/jdk.internal.reflect.DelegatingMethodAccessorImpl.invoke(DelegatingMethodAccessorImpl.java:43)
				at java.base/java.lang.reflect.Method.invoke(Method.java:568)
				at io.micrometer.shaded.io.netty.util.internal.NativeLibraryLoader$1.run(NativeLibraryLoader.java:425)
				at java.base/java.security.AccessController.doPrivileged(AccessController.java:318)
				at io.micrometer.shaded.io.netty.util.internal.NativeLibraryLoader.loadLibraryByHelper(NativeLibraryLoader.java:417)
				at io.micrometer.shaded.io.netty.util.internal.NativeLibraryLoader.loadLibrary(NativeLibraryLoader.java:383)
				... 110 common frames omitted
Caused by: java.io.FileNotFoundException: META-INF/native/libio_micrometer_shaded_netty_resolver_dns_native_macos_aarch_64.jnilib
	at io.micrometer.shaded.io.netty.util.internal.NativeLibraryLoader.load(NativeLibraryLoader.java:181)
	... 109 common frames omitted
	Suppressed: java.lang.UnsatisfiedLinkError: no io_micrometer_shaded_netty_resolver_dns_native_macos_aarch_64 in java.library.path: /Users/saichand/Library/Java/Extensions:/Library/Java/Extensions:/Network/Library/Java/Extensions:/System/Library/Java/Extensions:/usr/lib/java:.
		at java.base/java.lang.ClassLoader.loadLibrary(ClassLoader.java:2429)
		at java.base/java.lang.Runtime.loadLibrary0(Runtime.java:818)
		at java.base/java.lang.System.loadLibrary(System.java:1989)
		at io.micrometer.shaded.io.netty.util.internal.NativeLibraryUtil.loadLibrary(NativeLibraryUtil.java:38)
		at io.micrometer.shaded.io.netty.util.internal.NativeLibraryLoader.loadLibrary(NativeLibraryLoader.java:391)
		at io.micrometer.shaded.io.netty.util.internal.NativeLibraryLoader.load(NativeLibraryLoader.java:161)
		... 109 common frames omitted
		Suppressed: java.lang.UnsatisfiedLinkError: no io_micrometer_shaded_netty_resolver_dns_native_macos_aarch_64 in java.library.path: /Users/saichand/Library/Java/Extensions:/Library/Java/Extensions:/Network/Library/Java/Extensions:/System/Library/Java/Extensions:/usr/lib/java:.
			at java.base/java.lang.ClassLoader.loadLibrary(ClassLoader.java:2429)
			at java.base/java.lang.Runtime.loadLibrary0(Runtime.java:818)
			at java.base/java.lang.System.loadLibrary(System.java:1989)
			at io.micrometer.shaded.io.netty.util.internal.NativeLibraryUtil.loadLibrary(NativeLibraryUtil.java:38)
			at java.base/jdk.internal.reflect.NativeMethodAccessorImpl.invoke0(Native Method)
			at java.base/jdk.internal.reflect.NativeMethodAccessorImpl.invoke(NativeMethodAccessorImpl.java:77)
			at java.base/jdk.internal.reflect.DelegatingMethodAccessorImpl.invoke(DelegatingMethodAccessorImpl.java:43)
			at java.base/java.lang.reflect.Method.invoke(Method.java:568)
			at io.micrometer.shaded.io.netty.util.internal.NativeLibraryLoader$1.run(NativeLibraryLoader.java:425)
			at java.base/java.security.AccessController.doPrivileged(AccessController.java:318)
			at io.micrometer.shaded.io.netty.util.internal.NativeLibraryLoader.loadLibraryByHelper(NativeLibraryLoader.java:417)
			at io.micrometer.shaded.io.netty.util.internal.NativeLibraryLoader.loadLibrary(NativeLibraryLoader.java:383)
			... 110 common frames omitted
2022-11-10 20:10:54,515 INFO org.hibernate.jpa.internal.util.LogHelper [restartedMain] HHH000204: Processing PersistenceUnitInfo [name: default]
2022-11-10 20:10:54,535 INFO org.hibernate.Version [restartedMain] HHH000412: Hibernate ORM core version 5.6.11.Final
2022-11-10 20:10:54,584 INFO org.hibernate.annotations.common.reflection.java.JavaReflectionManager [restartedMain] HCANN000001: Hibernate Commons Annotations {5.1.2.Final}
2022-11-10 20:10:54,623 INFO com.zaxxer.hikari.HikariDataSource [restartedMain] HikariPool-1 - Starting...
2022-11-10 20:10:55,649 ERROR com.zaxxer.hikari.pool.HikariPool [restartedMain] HikariPool-1 - Exception during pool initialization.
org.postgresql.util.PSQLException: FATAL: role "chandu" does not exist
	at org.postgresql.core.v3.QueryExecutorImpl.receiveErrorResponse(QueryExecutorImpl.java:2675)
	at org.postgresql.core.v3.QueryExecutorImpl.readStartupMessages(QueryExecutorImpl.java:2787)
	at org.postgresql.core.v3.QueryExecutorImpl.<init>(QueryExecutorImpl.java:173)
	at org.postgresql.core.v3.ConnectionFactoryImpl.openConnectionImpl(ConnectionFactoryImpl.java:290)
	at org.postgresql.core.ConnectionFactory.openConnection(ConnectionFactory.java:49)
	at org.postgresql.jdbc.PgConnection.<init>(PgConnection.java:223)
	at org.postgresql.Driver.makeConnection(Driver.java:402)
	at org.postgresql.Driver.connect(Driver.java:261)
	at com.zaxxer.hikari.util.DriverDataSource.getConnection(DriverDataSource.java:138)
	at com.zaxxer.hikari.pool.PoolBase.newConnection(PoolBase.java:364)
	at com.zaxxer.hikari.pool.PoolBase.newPoolEntry(PoolBase.java:206)
	at com.zaxxer.hikari.pool.HikariPool.createPoolEntry(HikariPool.java:476)
	at com.zaxxer.hikari.pool.HikariPool.checkFailFast(HikariPool.java:561)
	at com.zaxxer.hikari.pool.HikariPool.<init>(HikariPool.java:115)
	at com.zaxxer.hikari.HikariDataSource.getConnection(HikariDataSource.java:112)
	at org.hibernate.engine.jdbc.connections.internal.DatasourceConnectionProviderImpl.getConnection(DatasourceConnectionProviderImpl.java:122)
	at org.hibernate.engine.jdbc.env.internal.JdbcEnvironmentInitiator$ConnectionProviderJdbcConnectionAccess.obtainConnection(JdbcEnvironmentInitiator.java:181)
	at org.hibernate.engine.jdbc.env.internal.JdbcEnvironmentInitiator.initiateService(JdbcEnvironmentInitiator.java:68)
	at org.hibernate.engine.jdbc.env.internal.JdbcEnvironmentInitiator.initiateService(JdbcEnvironmentInitiator.java:35)
	at org.hibernate.boot.registry.internal.StandardServiceRegistryImpl.initiateService(StandardServiceRegistryImpl.java:101)
	at org.hibernate.service.internal.AbstractServiceRegistryImpl.createService(AbstractServiceRegistryImpl.java:263)
	at org.hibernate.service.internal.AbstractServiceRegistryImpl.initializeService(AbstractServiceRegistryImpl.java:237)
	at org.hibernate.service.internal.AbstractServiceRegistryImpl.getService(AbstractServiceRegistryImpl.java:214)
	at org.hibernate.id.factory.internal.DefaultIdentifierGeneratorFactory.injectServices(DefaultIdentifierGeneratorFactory.java:175)
	at org.hibernate.service.internal.AbstractServiceRegistryImpl.injectDependencies(AbstractServiceRegistryImpl.java:286)
	at org.hibernate.service.internal.AbstractServiceRegistryImpl.initializeService(AbstractServiceRegistryImpl.java:243)
	at org.hibernate.service.internal.AbstractServiceRegistryImpl.getService(AbstractServiceRegistryImpl.java:214)
	at org.hibernate.boot.internal.InFlightMetadataCollectorImpl.<init>(InFlightMetadataCollectorImpl.java:173)
	at org.hibernate.boot.model.process.spi.MetadataBuildingProcess.complete(MetadataBuildingProcess.java:127)
	at org.hibernate.jpa.boot.internal.EntityManagerFactoryBuilderImpl.metadata(EntityManagerFactoryBuilderImpl.java:1460)
	at org.hibernate.jpa.boot.internal.EntityManagerFactoryBuilderImpl.build(EntityManagerFactoryBuilderImpl.java:1494)
	at org.springframework.orm.jpa.vendor.SpringHibernateJpaPersistenceProvider.createContainerEntityManagerFactory(SpringHibernateJpaPersistenceProvider.java:58)
	at org.springframework.orm.jpa.LocalContainerEntityManagerFactoryBean.createNativeEntityManagerFactory(LocalContainerEntityManagerFactoryBean.java:365)
	at org.springframework.orm.jpa.AbstractEntityManagerFactoryBean.buildNativeEntityManagerFactory(AbstractEntityManagerFactoryBean.java:409)
	at org.springframework.orm.jpa.AbstractEntityManagerFactoryBean.afterPropertiesSet(AbstractEntityManagerFactoryBean.java:396)
	at org.springframework.orm.jpa.LocalContainerEntityManagerFactoryBean.afterPropertiesSet(LocalContainerEntityManagerFactoryBean.java:341)
	at org.springframework.beans.factory.support.AbstractAutowireCapableBeanFactory.invokeInitMethods(AbstractAutowireCapableBeanFactory.java:1863)
	at org.springframework.beans.factory.support.AbstractAutowireCapableBeanFactory.initializeBean(AbstractAutowireCapableBeanFactory.java:1800)
	at org.springframework.beans.factory.support.AbstractAutowireCapableBeanFactory.doCreateBean(AbstractAutowireCapableBeanFactory.java:620)
	at org.springframework.beans.factory.support.AbstractAutowireCapableBeanFactory.createBean(AbstractAutowireCapableBeanFactory.java:542)
	at org.springframework.beans.factory.support.AbstractBeanFactory.lambda$doGetBean$0(AbstractBeanFactory.java:335)
	at org.springframework.beans.factory.support.DefaultSingletonBeanRegistry.getSingleton(DefaultSingletonBeanRegistry.java:234)
	at org.springframework.beans.factory.support.AbstractBeanFactory.doGetBean(AbstractBeanFactory.java:333)
	at org.springframework.beans.factory.support.AbstractBeanFactory.getBean(AbstractBeanFactory.java:208)
	at org.springframework.context.support.AbstractApplicationContext.getBean(AbstractApplicationContext.java:1154)
	at org.springframework.context.support.AbstractApplicationContext.finishBeanFactoryInitialization(AbstractApplicationContext.java:908)
	at org.springframework.context.support.AbstractApplicationContext.refresh(AbstractApplicationContext.java:583)
	at org.springframework.boot.web.servlet.context.ServletWebServerApplicationContext.refresh(ServletWebServerApplicationContext.java:147)
	at org.springframework.boot.SpringApplication.refresh(SpringApplication.java:734)
	at org.springframework.boot.SpringApplication.refreshContext(SpringApplication.java:408)
	at org.springframework.boot.SpringApplication.run(SpringApplication.java:308)
	at org.springframework.boot.SpringApplication.run(SpringApplication.java:1306)
	at org.springframework.boot.SpringApplication.run(SpringApplication.java:1295)
	at com.example.demo.DemoApplication.main(DemoApplication.java:16)
	at java.base/jdk.internal.reflect.NativeMethodAccessorImpl.invoke0(Native Method)
	at java.base/jdk.internal.reflect.NativeMethodAccessorImpl.invoke(NativeMethodAccessorImpl.java:77)
	at java.base/jdk.internal.reflect.DelegatingMethodAccessorImpl.invoke(DelegatingMethodAccessorImpl.java:43)
	at java.base/java.lang.reflect.Method.invoke(Method.java:568)
	at org.springframework.boot.devtools.restart.RestartLauncher.run(RestartLauncher.java:49)
